<?xml version="1.0" encoding="UTF-8"?>
<testsuite name="org.umssdiplo.automationv01.unittesting.UseTestNG" tests="3" skipped="0" failures="0" errors="0" timestamp="2018-06-09T00:42:08" hostname="PIERO-ASUS" time="0.573">
  <properties/>
  <testcase name="revisarMulti" classname="org.umssdiplo.automationv01.unittesting.UseTestNG" time="0.016"/>
  <testcase name="revisarSuma" classname="org.umssdiplo.automationv01.unittesting.UseTestNG" time="0.0"/>
  <testcase name="revisarResta" classname="org.umssdiplo.automationv01.unittesting.UseTestNG" time="0.0"/>
  <system-out><![CDATA[metodo multiplicar
metodo sumar
metodo restar
]]></system-out>
  <system-err><![CDATA[]]></system-err>
</testsuite>
